Watching for file changes with StatReloader
"GET / HTTP/1.1" 200 5412
"GET /static/rest_framework/css/bootstrap-tweaks.css HTTP/1.1" 200 3385
"GET /static/rest_framework/css/bootstrap.min.css HTTP/1.1" 200 121457
"GET /static/rest_framework/css/prettify.css HTTP/1.1" 200 817
"GET /static/rest_framework/css/default.css HTTP/1.1" 200 1152
"GET /static/rest_framework/js/ajax-form.js HTTP/1.1" 200 3597
"GET /static/rest_framework/js/jquery-3.5.1.min.js HTTP/1.1" 200 89476
"GET /static/rest_framework/js/csrf.js HTTP/1.1" 200 1719
"GET /static/rest_framework/js/bootstrap.min.js HTTP/1.1" 200 39680
"GET /static/rest_framework/js/prettify-min.js HTTP/1.1" 200 13632
"GET /static/rest_framework/js/default.js HTTP/1.1" 200 1268
"GET /static/rest_framework/img/grid.png HTTP/1.1" 200 1458
Not Found: /favicon.ico
"GET /favicon.ico HTTP/1.1" 404 5170
"GET /appointments/ HTTP/1.1" 200 9193
"POST /appointments/ HTTP/1.1" 201 9413
"GET / HTTP/1.1" 200 5412
"GET /appointments/ HTTP/1.1" 200 9397
"GET /appointments/ HTTP/1.1" 200 9397
Watching for file changes with StatReloader
"GET /appointments/ HTTP/1.1" 200 95
"OPTIONS /appointments/ HTTP/1.1" 200 0
"POST /appointments/ HTTP/1.1" 201 107
"GET /appointments/ HTTP/1.1" 200 203
"OPTIONS /patients/ HTTP/1.1" 200 0
"POST /patients/ HTTP/1.1" 201 52
"GET /patients/ HTTP/1.1" 200 54
"OPTIONS /appointments/2/book/ HTTP/1.1" 200 0
"PATCH /appointments/2/book/ HTTP/1.1" 200 104
"GET /appointments/ HTTP/1.1" 200 200
"GET /appointments/ HTTP/1.1" 200 200
Watching for file changes with StatReloader
"GET /appointments/ HTTP/1.1" 200 200
"GET / HTTP/1.1" 200 5412
"GET /patients/ HTTP/1.1" 200 8929
"GET /appointments/ HTTP/1.1" 200 200
"GET /appointments/ HTTP/1.1" 200 200
Watching for file changes with StatReloader
"GET /appointments/ HTTP/1.1" 200 200
"GET /patients/ HTTP/1.1" 200 54
